This file contains any messages produced by compilers while
running configure, to aid debugging if configure makes a mistake.

It was created by justniffer configure 0.5.13, which was
generated by GNU Autoconf 2.69.  Invocation command line was

  $ ./configure --without-python

## --------- ##
## Platform. ##
## --------- ##

hostname = server
uname -m = x86_64
uname -r = 3.13.0-40-generic
uname -s = Linux
uname -v = #69-Ubuntu SMP Thu Nov 13 17:53:56 UTC 2014

/usr/bin/uname -p = unknown
/bin/uname -X     = unknown

/bin/arch              = unknown
/usr/bin/arch -k       = unknown
/usr/convex/getsysinfo = unknown
/usr/bin/hostinfo      = unknown
/bin/machine           = unknown
/usr/bin/oslevel       = unknown
/bin/universe          = unknown

PATH: /bin
PATH: /opt/hisi-linux/x86-arm/arm-hisiv200-linux/target/bin
PATH: /home/teidor/cmake-3.1.0-rc3/bin
PATH: /usr/local/sbin
PATH: /usr/local/bin
PATH: /usr/sbin
PATH: /usr/bin
PATH: /sbin
PATH: /bin
PATH: /usr/games
PATH: /usr/local/games


## ----------- ##
## Core tests. ##
## ----------- ##

configure:2570: checking for a BSD-compatible install
configure:2638: result: /usr/bin/install -c
configure:2649: checking whether build environment is sane
configure:2704: result: yes
configure:2742: WARNING: 'missing' script is too old or missing
configure:2855: checking for a thread-safe mkdir -p
configure:2894: result: /bin/mkdir -p
configure:2901: checking for gawk
configure:2917: found /usr/bin/gawk
configure:2928: result: gawk
configure:2939: checking whether make sets $(MAKE)
configure:2961: result: yes
configure:2990: checking whether make supports nested variables
configure:3007: result: yes
configure:3265: checking for bash
configure:3281: found /bin/bash
configure:3292: result: yes
configure:3364: checking for g++
configure:3380: found /usr/bin/g++
configure:3391: result: g++
configure:3418: checking for C++ compiler version
configure:3427: g++ --version >&5
g++ (Ubuntu 4.8.2-19ubuntu1) 4.8.2
Copyright (C) 2013 Free Software Foundation, Inc.
This is free software; see the source for copying conditions.  There is NO
warranty; not even for MERCHANTABILITY or FITNESS FOR A PARTICULAR PURPOSE.

configure:3438: $? = 0
configure:3427: g++ -v >&5
Using built-in specs.
COLLECT_GCC=g++
COLLECT_LTO_WRAPPER=/usr/lib/gcc/x86_64-linux-gnu/4.8/lto-wrapper
Target: x86_64-linux-gnu
Configured with: ../src/configure -v --with-pkgversion='Ubuntu 4.8.2-19ubuntu1' --with-bugurl=file:///usr/share/doc/gcc-4.8/README.Bugs --enable-languages=c,c++,java,go,d,fortran,objc,obj-c++ --prefix=/usr --program-suffix=-4.8 --enable-shared --enable-linker-build-id --libexecdir=/usr/lib --without-included-gettext --enable-threads=posix --with-gxx-include-dir=/usr/include/c++/4.8 --libdir=/usr/lib --enable-nls --with-sysroot=/ --enable-clocale=gnu --enable-libstdcxx-debug --enable-libstdcxx-time=yes --enable-gnu-unique-object --disable-libmudflap --enable-plugin --with-system-zlib --disable-browser-plugin --enable-java-awt=gtk --enable-gtk-cairo --with-java-home=/usr/lib/jvm/java-1.5.0-gcj-4.8-amd64/jre --enable-java-home --with-jvm-root-dir=/usr/lib/jvm/java-1.5.0-gcj-4.8-amd64 --with-jvm-jar-dir=/usr/lib/jvm-exports/java-1.5.0-gcj-4.8-amd64 --with-arch-directory=amd64 --with-ecj-jar=/usr/share/java/eclipse-ecj.jar --enable-objc-gc --enable-multiarch --disable-werror --with-arch-32=i686 --with-abi=m64 --with-multilib-list=m32,m64,mx32 --with-tune=generic --enable-checking=release --build=x86_64-linux-gnu --host=x86_64-linux-gnu --target=x86_64-linux-gnu
Thread model: posix
gcc version 4.8.2 (Ubuntu 4.8.2-19ubuntu1) 
configure:3438: $? = 0
configure:3427: g++ -V >&5
g++: error: unrecognized command line option '-V'
g++: fatal error: no input files
compilation terminated.
configure:3438: $? = 4
configure:3427: g++ -qversion >&5
g++: error: unrecognized command line option '-qversion'
g++: fatal error: no input files
compilation terminated.
configure:3438: $? = 4
configure:3458: checking whether the C++ compiler works
configure:3480: g++    conftest.cpp  >&5
configure:3484: $? = 0
configure:3532: result: yes
configure:3535: checking for C++ compiler default output file name
configure:3537: result: a.out
configure:3543: checking for suffix of executables
configure:3550: g++ -o conftest    conftest.cpp  >&5
configure:3554: $? = 0
configure:3576: result: 
configure:3598: checking whether we are cross compiling
configure:3606: g++ -o conftest    conftest.cpp  >&5
configure:3610: $? = 0
configure:3617: ./conftest
configure:3621: $? = 0
configure:3636: result: no
configure:3641: checking for suffix of object files
configure:3663: g++ -c   conftest.cpp >&5
configure:3667: $? = 0
configure:3688: result: o
configure:3692: checking whether we are using the GNU C++ compiler
configure:3711: g++ -c   conftest.cpp >&5
configure:3711: $? = 0
configure:3720: result: yes
configure:3729: checking whether g++ accepts -g
configure:3749: g++ -c -g  conftest.cpp >&5
configure:3749: $? = 0
configure:3790: result: yes
configure:3824: checking for style of include used by make
configure:3852: result: GNU
configure:3878: checking dependency style of g++
configure:3989: result: gcc3
configure:4006: checking dependency style of g++
configure:4117: result: gcc3
configure:4180: checking for gcc
configure:4196: found /usr/bin/gcc
configure:4207: result: gcc
configure:4436: checking for C compiler version
configure:4445: gcc --version >&5
gcc (Ubuntu 4.8.2-19ubuntu1) 4.8.2
Copyright (C) 2013 Free Software Foundation, Inc.
This is free software; see the source for copying conditions.  There is NO
warranty; not even for MERCHANTABILITY or FITNESS FOR A PARTICULAR PURPOSE.

configure:4456: $? = 0
configure:4445: gcc -v >&5
Using built-in specs.
COLLECT_GCC=gcc
COLLECT_LTO_WRAPPER=/usr/lib/gcc/x86_64-linux-gnu/4.8/lto-wrapper
Target: x86_64-linux-gnu
Configured with: ../src/configure -v --with-pkgversion='Ubuntu 4.8.2-19ubuntu1' --with-bugurl=file:///usr/share/doc/gcc-4.8/README.Bugs --enable-languages=c,c++,java,go,d,fortran,objc,obj-c++ --prefix=/usr --program-suffix=-4.8 --enable-shared --enable-linker-build-id --libexecdir=/usr/lib --without-included-gettext --enable-threads=posix --with-gxx-include-dir=/usr/include/c++/4.8 --libdir=/usr/lib --enable-nls --with-sysroot=/ --enable-clocale=gnu --enable-libstdcxx-debug --enable-libstdcxx-time=yes --enable-gnu-unique-object --disable-libmudflap --enable-plugin --with-system-zlib --disable-browser-plugin --enable-java-awt=gtk --enable-gtk-cairo --with-java-home=/usr/lib/jvm/java-1.5.0-gcj-4.8-amd64/jre --enable-java-home --with-jvm-root-dir=/usr/lib/jvm/java-1.5.0-gcj-4.8-amd64 --with-jvm-jar-dir=/usr/lib/jvm-exports/java-1.5.0-gcj-4.8-amd64 --with-arch-directory=amd64 --with-ecj-jar=/usr/share/java/eclipse-ecj.jar --enable-objc-gc --enable-multiarch --disable-werror --with-arch-32=i686 --with-abi=m64 --with-multilib-list=m32,m64,mx32 --with-tune=generic --enable-checking=release --build=x86_64-linux-gnu --host=x86_64-linux-gnu --target=x86_64-linux-gnu
Thread model: posix
gcc version 4.8.2 (Ubuntu 4.8.2-19ubuntu1) 
configure:4456: $? = 0
configure:4445: gcc -V >&5
gcc: error: unrecognized command line option '-V'
gcc: fatal error: no input files
compilation terminated.
configure:4456: $? = 4
configure:4445: gcc -qversion >&5
gcc: error: unrecognized command line option '-qversion'
gcc: fatal error: no input files
compilation terminated.
configure:4456: $? = 4
configure:4460: checking whether we are using the GNU C compiler
configure:4479: gcc -c   conftest.c >&5
configure:4479: $? = 0
configure:4488: result: yes
configure:4497: checking whether gcc accepts -g
configure:4517: gcc -c -g  conftest.c >&5
configure:4517: $? = 0
configure:4558: result: yes
configure:4575: checking for gcc option to accept ISO C89
configure:4638: gcc  -c -g -O2  conftest.c >&5
configure:4638: $? = 0
configure:4651: result: none needed
configure:4676: checking whether gcc understands -c and -o together
configure:4698: gcc -c conftest.c -o conftest2.o
configure:4701: $? = 0
configure:4698: gcc -c conftest.c -o conftest2.o
configure:4701: $? = 0
configure:4713: result: yes
configure:4732: checking dependency style of gcc
configure:4843: result: gcc3
configure:4860: checking dependency style of gcc
configure:4971: result: gcc3
configure:4991: checking how to run the C preprocessor
configure:5022: gcc -E  conftest.c
configure:5022: $? = 0
configure:5036: gcc -E  conftest.c
conftest.c:15:28: fatal error: ac_nonexistent.h: No such file or directory
 #include <ac_nonexistent.h>
                            ^
compilation terminated.
configure:5036: $? = 1
configure: failed program was:
| /* confdefs.h */
| #define PACKAGE_NAME "justniffer"
| #define PACKAGE_TARNAME "justniffer"
| #define PACKAGE_VERSION "0.5.13"
| #define PACKAGE_STRING "justniffer 0.5.13"
| #define PACKAGE_BUGREPORT "info@plecno.com"
| #define PACKAGE_URL ""
| #define JUSTNIFFER_VERSION "0.5.13"
| #define PACKAGE "justniffer"
| #define VERSION "0.5.13"
| #define HAVE_LIB_PCAP /**/
| #define PACKAGE "justniffer"
| #define VERSION "0.5.13"
| /* end confdefs.h.  */
| #include <ac_nonexistent.h>
configure:5061: result: gcc -E
configure:5081: gcc -E  conftest.c
configure:5081: $? = 0
configure:5095: gcc -E  conftest.c
conftest.c:15:28: fatal error: ac_nonexistent.h: No such file or directory
 #include <ac_nonexistent.h>
                            ^
compilation terminated.
configure:5095: $? = 1
configure: failed program was:
| /* confdefs.h */
| #define PACKAGE_NAME "justniffer"
| #define PACKAGE_TARNAME "justniffer"
| #define PACKAGE_VERSION "0.5.13"
| #define PACKAGE_STRING "justniffer 0.5.13"
| #define PACKAGE_BUGREPORT "info@plecno.com"
| #define PACKAGE_URL ""
| #define JUSTNIFFER_VERSION "0.5.13"
| #define PACKAGE "justniffer"
| #define VERSION "0.5.13"
| #define HAVE_LIB_PCAP /**/
| #define PACKAGE "justniffer"
| #define VERSION "0.5.13"
| /* end confdefs.h.  */
| #include <ac_nonexistent.h>
configure:5126: checking for grep that handles long lines and -e
configure:5184: result: /bin/grep
configure:5189: checking for egrep
configure:5251: result: /bin/grep -E
configure:5256: checking for ANSI C header files
configure:5276: gcc -c -g -O2  conftest.c >&5
configure:5276: $? = 0
configure:5349: gcc -o conftest -g -O2   conftest.c  >&5
configure:5349: $? = 0
configure:5349: ./conftest
configure:5349: $? = 0
configure:5360: result: yes
configure:5373: checking for sys/types.h
configure:5373: gcc -c -g -O2  conftest.c >&5
configure:5373: $? = 0
configure:5373: result: yes
configure:5373: checking for sys/stat.h
configure:5373: gcc -c -g -O2  conftest.c >&5
configure:5373: $? = 0
configure:5373: result: yes
configure:5373: checking for stdlib.h
configure:5373: gcc -c -g -O2  conftest.c >&5
configure:5373: $? = 0
configure:5373: result: yes
configure:5373: checking for string.h
configure:5373: gcc -c -g -O2  conftest.c >&5
configure:5373: $? = 0
configure:5373: result: yes
configure:5373: checking for memory.h
configure:5373: gcc -c -g -O2  conftest.c >&5
configure:5373: $? = 0
configure:5373: result: yes
configure:5373: checking for strings.h
configure:5373: gcc -c -g -O2  conftest.c >&5
configure:5373: $? = 0
configure:5373: result: yes
configure:5373: checking for inttypes.h
configure:5373: gcc -c -g -O2  conftest.c >&5
configure:5373: $? = 0
configure:5373: result: yes
configure:5373: checking for stdint.h
configure:5373: gcc -c -g -O2  conftest.c >&5
configure:5373: $? = 0
configure:5373: result: yes
configure:5373: checking for unistd.h
configure:5373: gcc -c -g -O2  conftest.c >&5
configure:5373: $? = 0
configure:5373: result: yes
configure:5387: checking sys/time.h usability
configure:5387: gcc -c -g -O2  conftest.c >&5
configure:5387: $? = 0
configure:5387: result: yes
configure:5387: checking sys/time.h presence
configure:5387: gcc -E  conftest.c
configure:5387: $? = 0
configure:5387: result: yes
configure:5387: checking for sys/time.h
configure:5387: result: yes
configure:5397: checking for an ANSI C-conforming const
configure:5463: gcc -c -g -O2  conftest.c >&5
configure:5463: $? = 0
configure:5470: result: yes
configure:5478: checking for inline
configure:5494: gcc -c -g -O2  conftest.c >&5
configure:5494: $? = 0
configure:5502: result: inline
configure:5522: checking for strftime
configure:5522: gcc -o conftest -g -O2   conftest.c  >&5
conftest.c:49:6: warning: conflicting types for built-in function 'strftime' [enabled by default]
 char strftime ();
      ^
configure:5522: $? = 0
configure:5522: result: yes
configure:5575: checking for stdbool.h that conforms to C99
configure:5642: gcc -c -g -O2  conftest.c >&5
configure:5642: $? = 0
configure:5649: result: yes
configure:5651: checking for _Bool
configure:5651: gcc -c -g -O2  conftest.c >&5
configure:5651: $? = 0
configure:5651: gcc -c -g -O2  conftest.c >&5
conftest.c: In function 'main':
conftest.c:63:20: error: expected expression before ')' token
 if (sizeof ((_Bool)))
                    ^
configure:5651: $? = 1
configure: failed program was:
| /* confdefs.h */
| #define PACKAGE_NAME "justniffer"
| #define PACKAGE_TARNAME "justniffer"
| #define PACKAGE_VERSION "0.5.13"
| #define PACKAGE_STRING "justniffer 0.5.13"
| #define PACKAGE_BUGREPORT "info@plecno.com"
| #define PACKAGE_URL ""
| #define JUSTNIFFER_VERSION "0.5.13"
| #define PACKAGE "justniffer"
| #define VERSION "0.5.13"
| #define HAVE_LIB_PCAP /**/
| #define PACKAGE "justniffer"
| #define VERSION "0.5.13"
| #define STDC_HEADERS 1
| #define HAVE_SYS_TYPES_H 1
| #define HAVE_SYS_STAT_H 1
| #define HAVE_STDLIB_H 1
| #define HAVE_STRING_H 1
| #define HAVE_MEMORY_H 1
| #define HAVE_STRINGS_H 1
| #define HAVE_INTTYPES_H 1
| #define HAVE_STDINT_H 1
| #define HAVE_UNISTD_H 1
| #define HAVE_SYS_TIME_H 1
| #define HAVE_STRFTIME 1
| /* end confdefs.h.  */
| #include <stdio.h>
| #ifdef HAVE_SYS_TYPES_H
| # include <sys/types.h>
| #endif
| #ifdef HAVE_SYS_STAT_H
| # include <sys/stat.h>
| #endif
| #ifdef STDC_HEADERS
| # include <stdlib.h>
| # include <stddef.h>
| #else
| # ifdef HAVE_STDLIB_H
| #  include <stdlib.h>
| # endif
| #endif
| #ifdef HAVE_STRING_H
| # if !defined STDC_HEADERS && defined HAVE_MEMORY_H
| #  include <memory.h>
| # endif
| # include <string.h>
| #endif
| #ifdef HAVE_STRINGS_H
| # include <strings.h>
| #endif
| #ifdef HAVE_INTTYPES_H
| # include <inttypes.h>
| #endif
| #ifdef HAVE_STDINT_H
| # include <stdint.h>
| #endif
| #ifdef HAVE_UNISTD_H
| # include <unistd.h>
| #endif
| int
| main ()
| {
| if (sizeof ((_Bool)))
| 	    return 0;
|   ;
|   return 0;
| }
configure:5651: result: yes
configure:5668: checking whether time.h and sys/time.h may both be included
configure:5688: gcc -c -g -O2  conftest.c >&5
configure:5688: $? = 0
configure:5695: result: yes
configure:5703: checking whether struct tm is in sys/time.h or time.h
configure:5723: gcc -c -g -O2  conftest.c >&5
configure:5723: $? = 0
configure:5730: result: time.h
configure:5738: checking netinet/ip.h usability
configure:5738: gcc -c -g -O2  conftest.c >&5
configure:5738: $? = 0
configure:5738: result: yes
configure:5738: checking netinet/ip.h presence
configure:5738: gcc -E  conftest.c
configure:5738: $? = 0
configure:5738: result: yes
configure:5738: checking for netinet/ip.h
configure:5738: result: yes
configure:5775: checking build system type
configure:5789: result: x86_64-unknown-linux-gnu
configure:5809: checking host system type
configure:5822: result: x86_64-unknown-linux-gnu
configure:5863: checking how to print strings
configure:5890: result: printf
configure:5911: checking for a sed that does not truncate output
configure:5975: result: /bin/sed
configure:5993: checking for fgrep
configure:6055: result: /bin/grep -F
configure:6090: checking for ld used by gcc
configure:6157: result: /usr/bin/ld
configure:6164: checking if the linker (/usr/bin/ld) is GNU ld
configure:6179: result: yes
configure:6191: checking for BSD- or MS-compatible name lister (nm)
configure:6240: result: /usr/bin/nm -B
configure:6370: checking the name lister (/usr/bin/nm -B) interface
configure:6377: gcc -c -g -O2  conftest.c >&5
configure:6380: /usr/bin/nm -B "conftest.o"
configure:6383: output
0000000000000000 B some_variable
configure:6390: result: BSD nm
configure:6393: checking whether ln -s works
configure:6397: result: yes
configure:6405: checking the maximum length of command line arguments
configure:6536: result: 1572864
configure:6553: checking whether the shell understands some XSI constructs
configure:6563: result: yes
configure:6567: checking whether the shell understands "+="
configure:6573: result: yes
configure:6608: checking how to convert x86_64-unknown-linux-gnu file names to x86_64-unknown-linux-gnu format
configure:6648: result: func_convert_file_noop
configure:6655: checking how to convert x86_64-unknown-linux-gnu file names to toolchain format
configure:6675: result: func_convert_file_noop
configure:6682: checking for /usr/bin/ld option to reload object files
configure:6689: result: -r
configure:6763: checking for objdump
configure:6779: found /usr/bin/objdump
configure:6790: result: objdump
configure:6822: checking how to recognize dependent libraries
configure:7020: result: pass_all
configure:7105: checking for dlltool
configure:7135: result: no
configure:7165: checking how to associate runtime and link libraries
configure:7192: result: printf %s\n
configure:7252: checking for ar
configure:7268: found /usr/bin/ar
configure:7279: result: ar
configure:7316: checking for archiver @FILE support
configure:7333: gcc -c -g -O2  conftest.c >&5
configure:7333: $? = 0
configure:7336: ar cru libconftest.a @conftest.lst >&5
configure:7339: $? = 0
configure:7344: ar cru libconftest.a @conftest.lst >&5
ar: conftest.o: No such file or directory
configure:7347: $? = 1
configure:7359: result: @
configure:7417: checking for strip
configure:7433: found /usr/bin/strip
configure:7444: result: strip
configure:7516: checking for ranlib
configure:7532: found /usr/bin/ranlib
configure:7543: result: ranlib
configure:7645: checking command to parse /usr/bin/nm -B output from gcc object
configure:7765: gcc -c -g -O2  conftest.c >&5
configure:7768: $? = 0
configure:7772: /usr/bin/nm -B conftest.o \| sed -n -e 's/^.*[ ]\([ABCDGIRSTW][ABCDGIRSTW]*\)[ ][ ]*\([_A-Za-z][_A-Za-z0-9]*\)$/\1 \2 \2/p' | sed '/ __gnu_lto/d' \> conftest.nm
configure:7775: $? = 0
configure:7841: gcc -o conftest -g -O2   conftest.c conftstm.o >&5
configure:7844: $? = 0
configure:7882: result: ok
configure:7919: checking for sysroot
configure:7949: result: no
configure:8026: gcc -c -g -O2  conftest.c >&5
configure:8029: $? = 0
configure:8218: checking for mt
configure:8234: found /bin/mt
configure:8245: result: mt
configure:8268: checking if mt is a manifest tool
configure:8274: mt '-?'
configure:8282: result: no
configure:8921: checking for dlfcn.h
configure:8921: gcc -c -g -O2  conftest.c >&5
configure:8921: $? = 0
configure:8921: result: yes
configure:9138: checking for objdir
configure:9153: result: .libs
configure:9424: checking if gcc supports -fno-rtti -fno-exceptions
configure:9442: gcc -c -g -O2  -fno-rtti -fno-exceptions conftest.c >&5
cc1: warning: command line option '-fno-rtti' is valid for C++/ObjC++ but not for C [enabled by default]
configure:9446: $? = 0
configure:9459: result: no
configure:9786: checking for gcc option to produce PIC
configure:9793: result: -fPIC -DPIC
configure:9801: checking if gcc PIC flag -fPIC -DPIC works
configure:9819: gcc -c -g -O2  -fPIC -DPIC -DPIC conftest.c >&5
configure:9823: $? = 0
configure:9836: result: yes
configure:9865: checking if gcc static flag -static works
configure:9893: result: yes
configure:9908: checking if gcc supports -c -o file.o
configure:9929: gcc -c -g -O2  -o out/conftest2.o conftest.c >&5
configure:9933: $? = 0
configure:9955: result: yes
configure:9963: checking if gcc supports -c -o file.o
configure:10010: result: yes
configure:10043: checking whether the gcc linker (/usr/bin/ld -m elf_x86_64) supports shared libraries
configure:11200: result: yes
configure:11237: checking whether -lc should be explicitly linked in
configure:11245: gcc -c -g -O2  conftest.c >&5
configure:11248: $? = 0
configure:11263: gcc -shared  -fPIC -DPIC conftest.o  -v -Wl,-soname -Wl,conftest -o conftest 2\>\&1 \| /bin/grep  -lc  \>/dev/null 2\>\&1
configure:11266: $? = 0
configure:11280: result: no
configure:11440: checking dynamic linker characteristics
configure:11940: gcc -o conftest -g -O2   -Wl,-rpath -Wl,/foo conftest.c  >&5
configure:11940: $? = 0
configure:12174: result: GNU/Linux ld.so
configure:12281: checking how to hardcode library paths into programs
configure:12306: result: immediate
configure:12846: checking whether stripping libraries is possible
configure:12851: result: yes
configure:12886: checking if libtool supports shared libraries
configure:12888: result: yes
configure:12891: checking whether to build shared libraries
configure:12912: result: yes
configure:12915: checking whether to build static libraries
configure:12919: result: yes
configure:12942: checking how to run the C++ preprocessor
configure:12969: g++ -E  conftest.cpp
configure:12969: $? = 0
configure:12983: g++ -E  conftest.cpp
conftest.cpp:32:28: fatal error: ac_nonexistent.h: No such file or directory
 #include <ac_nonexistent.h>
                            ^
compilation terminated.
configure:12983: $? = 1
configure: failed program was:
| /* confdefs.h */
| #define PACKAGE_NAME "justniffer"
| #define PACKAGE_TARNAME "justniffer"
| #define PACKAGE_VERSION "0.5.13"
| #define PACKAGE_STRING "justniffer 0.5.13"
| #define PACKAGE_BUGREPORT "info@plecno.com"
| #define PACKAGE_URL ""
| #define JUSTNIFFER_VERSION "0.5.13"
| #define PACKAGE "justniffer"
| #define VERSION "0.5.13"
| #define HAVE_LIB_PCAP /**/
| #define PACKAGE "justniffer"
| #define VERSION "0.5.13"
| #define STDC_HEADERS 1
| #define HAVE_SYS_TYPES_H 1
| #define HAVE_SYS_STAT_H 1
| #define HAVE_STDLIB_H 1
| #define HAVE_STRING_H 1
| #define HAVE_MEMORY_H 1
| #define HAVE_STRINGS_H 1
| #define HAVE_INTTYPES_H 1
| #define HAVE_STDINT_H 1
| #define HAVE_UNISTD_H 1
| #define HAVE_SYS_TIME_H 1
| #define HAVE_STRFTIME 1
| #define HAVE__BOOL 1
| #define HAVE_STDBOOL_H 1
| #define TIME_WITH_SYS_TIME 1
| #define HAVE_DLFCN_H 1
| #define LT_OBJDIR ".libs/"
| /* end confdefs.h.  */
| #include <ac_nonexistent.h>
configure:13008: result: g++ -E
configure:13028: g++ -E  conftest.cpp
configure:13028: $? = 0
configure:13042: g++ -E  conftest.cpp
conftest.cpp:32:28: fatal error: ac_nonexistent.h: No such file or directory
 #include <ac_nonexistent.h>
                            ^
compilation terminated.
configure:13042: $? = 1
configure: failed program was:
| /* confdefs.h */
| #define PACKAGE_NAME "justniffer"
| #define PACKAGE_TARNAME "justniffer"
| #define PACKAGE_VERSION "0.5.13"
| #define PACKAGE_STRING "justniffer 0.5.13"
| #define PACKAGE_BUGREPORT "info@plecno.com"
| #define PACKAGE_URL ""
| #define JUSTNIFFER_VERSION "0.5.13"
| #define PACKAGE "justniffer"
| #define VERSION "0.5.13"
| #define HAVE_LIB_PCAP /**/
| #define PACKAGE "justniffer"
| #define VERSION "0.5.13"
| #define STDC_HEADERS 1
| #define HAVE_SYS_TYPES_H 1
| #define HAVE_SYS_STAT_H 1
| #define HAVE_STDLIB_H 1
| #define HAVE_STRING_H 1
| #define HAVE_MEMORY_H 1
| #define HAVE_STRINGS_H 1
| #define HAVE_INTTYPES_H 1
| #define HAVE_STDINT_H 1
| #define HAVE_UNISTD_H 1
| #define HAVE_SYS_TIME_H 1
| #define HAVE_STRFTIME 1
| #define HAVE__BOOL 1
| #define HAVE_STDBOOL_H 1
| #define TIME_WITH_SYS_TIME 1
| #define HAVE_DLFCN_H 1
| #define LT_OBJDIR ".libs/"
| /* end confdefs.h.  */
| #include <ac_nonexistent.h>
configure:13211: checking for ld used by g++
configure:13278: result: /usr/bin/ld -m elf_x86_64
configure:13285: checking if the linker (/usr/bin/ld -m elf_x86_64) is GNU ld
configure:13300: result: yes
configure:13355: checking whether the g++ linker (/usr/bin/ld -m elf_x86_64) supports shared libraries
configure:14357: result: yes
configure:14393: g++ -c -g -O2  conftest.cpp >&5
configure:14396: $? = 0
configure:14916: checking for g++ option to produce PIC
configure:14923: result: -fPIC -DPIC
configure:14931: checking if g++ PIC flag -fPIC -DPIC works
configure:14949: g++ -c -g -O2  -fPIC -DPIC -DPIC conftest.cpp >&5
configure:14953: $? = 0
configure:14966: result: yes
configure:14989: checking if g++ static flag -static works
configure:15017: result: yes
configure:15029: checking if g++ supports -c -o file.o
configure:15050: g++ -c -g -O2  -o out/conftest2.o conftest.cpp >&5
configure:15054: $? = 0
configure:15076: result: yes
configure:15081: checking if g++ supports -c -o file.o
configure:15128: result: yes
configure:15158: checking whether the g++ linker (/usr/bin/ld -m elf_x86_64) supports shared libraries
configure:15197: result: yes
configure:15338: checking dynamic linker characteristics
configure:16006: result: GNU/Linux ld.so
configure:16059: checking how to hardcode library paths into programs
configure:16084: result: immediate
configure:16145: checking for pcap_open_live in -lpcap
configure:16170: gcc -o conftest -g -O2   conftest.c -lpcap   >&5
/usr/bin/ld: cannot find -lpcap
collect2: error: ld returned 1 exit status
configure:16170: $? = 1
configure: failed program was:
| /* confdefs.h */
| #define PACKAGE_NAME "justniffer"
| #define PACKAGE_TARNAME "justniffer"
| #define PACKAGE_VERSION "0.5.13"
| #define PACKAGE_STRING "justniffer 0.5.13"
| #define PACKAGE_BUGREPORT "info@plecno.com"
| #define PACKAGE_URL ""
| #define JUSTNIFFER_VERSION "0.5.13"
| #define PACKAGE "justniffer"
| #define VERSION "0.5.13"
| #define HAVE_LIB_PCAP /**/
| #define PACKAGE "justniffer"
| #define VERSION "0.5.13"
| #define STDC_HEADERS 1
| #define HAVE_SYS_TYPES_H 1
| #define HAVE_SYS_STAT_H 1
| #define HAVE_STDLIB_H 1
| #define HAVE_STRING_H 1
| #define HAVE_MEMORY_H 1
| #define HAVE_STRINGS_H 1
| #define HAVE_INTTYPES_H 1
| #define HAVE_STDINT_H 1
| #define HAVE_UNISTD_H 1
| #define HAVE_SYS_TIME_H 1
| #define HAVE_STRFTIME 1
| #define HAVE__BOOL 1
| #define HAVE_STDBOOL_H 1
| #define TIME_WITH_SYS_TIME 1
| #define HAVE_DLFCN_H 1
| #define LT_OBJDIR ".libs/"
| /* end confdefs.h.  */
| 
| /* Override any GCC internal prototype to avoid an error.
|    Use char because int might match the return type of a GCC
|    builtin and then its argument prototype would still apply.  */
| #ifdef __cplusplus
| extern "C"
| #endif
| char pcap_open_live ();
| int
| main ()
| {
| return pcap_open_live ();
|   ;
|   return 0;
| }
configure:16179: result: no
configure: this is boost.m4
configure:16216: checking for Boost headers version >= 1.46.0
configure:16287: g++ -c -g -O2  conftest.cpp >&5
conftest.cpp:32:29: fatal error: boost/version.hpp: No such file or directory
 #include <boost/version.hpp>
                             ^
compilation terminated.
configure:16287: $? = 1
configure: failed program was:
| /* confdefs.h */
| #define PACKAGE_NAME "justniffer"
| #define PACKAGE_TARNAME "justniffer"
| #define PACKAGE_VERSION "0.5.13"
| #define PACKAGE_STRING "justniffer 0.5.13"
| #define PACKAGE_BUGREPORT "info@plecno.com"
| #define PACKAGE_URL ""
| #define JUSTNIFFER_VERSION "0.5.13"
| #define PACKAGE "justniffer"
| #define VERSION "0.5.13"
| #define HAVE_LIB_PCAP /**/
| #define PACKAGE "justniffer"
| #define VERSION "0.5.13"
| #define STDC_HEADERS 1
| #define HAVE_SYS_TYPES_H 1
| #define HAVE_SYS_STAT_H 1
| #define HAVE_STDLIB_H 1
| #define HAVE_STRING_H 1
| #define HAVE_MEMORY_H 1
| #define HAVE_STRINGS_H 1
| #define HAVE_INTTYPES_H 1
| #define HAVE_STDINT_H 1
| #define HAVE_UNISTD_H 1
| #define HAVE_SYS_TIME_H 1
| #define HAVE_STRFTIME 1
| #define HAVE__BOOL 1
| #define HAVE_STDBOOL_H 1
| #define TIME_WITH_SYS_TIME 1
| #define HAVE_DLFCN_H 1
| #define LT_OBJDIR ".libs/"
| /* end confdefs.h.  */
| #include <boost/version.hpp>
| #if !defined BOOST_VERSION
| # error BOOST_VERSION is not defined
| #elif BOOST_VERSION < 104600
| # error Boost headers version < 104600
| #endif
| 
| int
| main ()
| {
| 
|   ;
|   return 0;
| }
configure:16308: result: no
configure:16313: error: cannot find Boost headers version >= 1.46.0

## ---------------- ##
## Cache variables. ##
## ---------------- ##

ac_cv_build=x86_64-unknown-linux-gnu
ac_cv_c_compiler_gnu=yes
ac_cv_c_const=yes
ac_cv_c_inline=inline
ac_cv_cxx_compiler_gnu=yes
ac_cv_env_BOOST_ROOT_set=
ac_cv_env_BOOST_ROOT_value=
ac_cv_env_CCC_set=
ac_cv_env_CCC_value=
ac_cv_env_CC_set=
ac_cv_env_CC_value=
ac_cv_env_CFLAGS_set=
ac_cv_env_CFLAGS_value=
ac_cv_env_CPPFLAGS_set=
ac_cv_env_CPPFLAGS_value=
ac_cv_env_CPP_set=
ac_cv_env_CPP_value=
ac_cv_env_CXXCPP_set=
ac_cv_env_CXXCPP_value=
ac_cv_env_CXXFLAGS_set=
ac_cv_env_CXXFLAGS_value=
ac_cv_env_CXX_set=
ac_cv_env_CXX_value=
ac_cv_env_LDFLAGS_set=
ac_cv_env_LDFLAGS_value=
ac_cv_env_LIBS_set=
ac_cv_env_LIBS_value=
ac_cv_env_build_alias_set=
ac_cv_env_build_alias_value=
ac_cv_env_host_alias_set=
ac_cv_env_host_alias_value=
ac_cv_env_target_alias_set=
ac_cv_env_target_alias_value=
ac_cv_func_strftime=yes
ac_cv_header_dlfcn_h=yes
ac_cv_header_inttypes_h=yes
ac_cv_header_memory_h=yes
ac_cv_header_netinet_ip_h=yes
ac_cv_header_stdbool_h=yes
ac_cv_header_stdc=yes
ac_cv_header_stdint_h=yes
ac_cv_header_stdlib_h=yes
ac_cv_header_string_h=yes
ac_cv_header_strings_h=yes
ac_cv_header_sys_stat_h=yes
ac_cv_header_sys_time_h=yes
ac_cv_header_sys_types_h=yes
ac_cv_header_time=yes
ac_cv_header_unistd_h=yes
ac_cv_host=x86_64-unknown-linux-gnu
ac_cv_lib_pcap_pcap_open_live=no
ac_cv_objext=o
ac_cv_path_EGREP='/bin/grep -E'
ac_cv_path_FGREP='/bin/grep -F'
ac_cv_path_GREP=/bin/grep
ac_cv_path_SED=/bin/sed
ac_cv_path_install='/usr/bin/install -c'
ac_cv_path_mkdir=/bin/mkdir
ac_cv_prog_AWK=gawk
ac_cv_prog_BASH_F=yes
ac_cv_prog_CPP='gcc -E'
ac_cv_prog_CXXCPP='g++ -E'
ac_cv_prog_ac_ct_AR=ar
ac_cv_prog_ac_ct_CC=gcc
ac_cv_prog_ac_ct_CXX=g++
ac_cv_prog_ac_ct_MANIFEST_TOOL=mt
ac_cv_prog_ac_ct_OBJDUMP=objdump
ac_cv_prog_ac_ct_RANLIB=ranlib
ac_cv_prog_ac_ct_STRIP=strip
ac_cv_prog_cc_c89=
ac_cv_prog_cc_g=yes
ac_cv_prog_cxx_g=yes
ac_cv_prog_make_make_set=yes
ac_cv_struct_tm=time.h
ac_cv_type__Bool=yes
am_cv_CC_dependencies_compiler_type=gcc3
am_cv_CXX_dependencies_compiler_type=gcc3
am_cv_make_support_nested_variables=yes
am_cv_prog_cc_c_o=yes
boost_cv_inc_path=no
boost_cv_version=no
lt_cv_ar_at_file=@
lt_cv_archive_cmds_need_lc=no
lt_cv_deplibs_check_method=pass_all
lt_cv_file_magic_cmd='$MAGIC_CMD'
lt_cv_file_magic_test_file=
lt_cv_ld_reload_flag=-r
lt_cv_nm_interface='BSD nm'
lt_cv_objdir=.libs
lt_cv_path_LD=/usr/bin/ld
lt_cv_path_LDCXX='/usr/bin/ld -m elf_x86_64'
lt_cv_path_NM='/usr/bin/nm -B'
lt_cv_path_mainfest_tool=no
lt_cv_prog_compiler_c_o=yes
lt_cv_prog_compiler_c_o_CXX=yes
lt_cv_prog_compiler_pic='-fPIC -DPIC'
lt_cv_prog_compiler_pic_CXX='-fPIC -DPIC'
lt_cv_prog_compiler_pic_works=yes
lt_cv_prog_compiler_pic_works_CXX=yes
lt_cv_prog_compiler_rtti_exceptions=no
lt_cv_prog_compiler_static_works=yes
lt_cv_prog_compiler_static_works_CXX=yes
lt_cv_prog_gnu_ld=yes
lt_cv_prog_gnu_ldcxx=yes
lt_cv_sharedlib_from_linklib_cmd='printf %s\n'
lt_cv_shlibpath_overrides_runpath=no
lt_cv_sys_global_symbol_pipe='sed -n -e '\''s/^.*[	 ]\([ABCDGIRSTW][ABCDGIRSTW]*\)[	 ][	 ]*\([_A-Za-z][_A-Za-z0-9]*\)$/\1 \2 \2/p'\'' | sed '\''/ __gnu_lto/d'\'''
lt_cv_sys_global_symbol_to_c_name_address='sed -n -e '\''s/^: \([^ ]*\)[ ]*$/  {\"\1\", (void *) 0},/p'\'' -e '\''s/^[ABCDGIRSTW]* \([^ ]*\) \([^ ]*\)$/  {"\2", (void *) \&\2},/p'\'''
lt_cv_sys_global_symbol_to_c_name_address_lib_prefix='sed -n -e '\''s/^: \([^ ]*\)[ ]*$/  {\"\1\", (void *) 0},/p'\'' -e '\''s/^[ABCDGIRSTW]* \([^ ]*\) \(lib[^ ]*\)$/  {"\2", (void *) \&\2},/p'\'' -e '\''s/^[ABCDGIRSTW]* \([^ ]*\) \([^ ]*\)$/  {"lib\2", (void *) \&\2},/p'\'''
lt_cv_sys_global_symbol_to_cdecl='sed -n -e '\''s/^T .* \(.*\)$/extern int \1();/p'\'' -e '\''s/^[ABCDGIRSTW]* .* \(.*\)$/extern char \1;/p'\'''
lt_cv_sys_max_cmd_len=1572864
lt_cv_to_host_file_cmd=func_convert_file_noop
lt_cv_to_tool_file_cmd=func_convert_file_noop

## ----------------- ##
## Output variables. ##
## ----------------- ##

ACLOCAL='aclocal-1.14'
AMDEPBACKSLASH='\'
AMDEP_FALSE='#'
AMDEP_TRUE=''
AMTAR='$${TAR-tar}'
AM_BACKSLASH='\'
AM_DEFAULT_V='$(AM_DEFAULT_VERBOSITY)'
AM_DEFAULT_VERBOSITY='1'
AM_V='$(V)'
AR='ar'
AUTOCONF='autoconf'
AUTOHEADER='autoheader'
AUTOMAKE='automake-1.14'
AWK='gawk'
BASH_F='yes'
BOOST_CPPFLAGS=''
BOOST_IOSTREAMS_LDFLAGS=''
BOOST_IOSTREAMS_LDPATH=''
BOOST_IOSTREAMS_LIBS=''
BOOST_LDPATH=''
BOOST_PROGRAM_OPTIONS_LDFLAGS=''
BOOST_PROGRAM_OPTIONS_LDPATH=''
BOOST_PROGRAM_OPTIONS_LIBS=''
BOOST_REGEX_LDFLAGS=''
BOOST_REGEX_LDPATH=''
BOOST_REGEX_LIBS=''
BOOST_ROOT=''
CC='gcc'
CCDEPMODE='depmode=gcc3'
CFLAGS='-g -O2'
CPP='gcc -E'
CPPFLAGS=''
CXX='g++'
CXXCPP='g++ -E'
CXXDEPMODE='depmode=gcc3'
CXXFLAGS='-g -O2'
CYGPATH_W='echo'
DEFS=''
DEPDIR='.deps'
DISTCHECK_CONFIGURE_FLAGS=' '\''--with-boost='\'''
DLLTOOL='false'
DSYMUTIL=''
DUMPBIN=''
ECHO_C=''
ECHO_N='-n'
ECHO_T=''
EGREP='/bin/grep -E'
EXEEXT=''
FGREP='/bin/grep -F'
GREP='/bin/grep'
INSTALL_DATA='${INSTALL} -m 644'
INSTALL_PROGRAM='${INSTALL}'
INSTALL_SCRIPT='${INSTALL}'
INSTALL_STRIP_PROGRAM='$(install_sh) -c -s'
LD='/usr/bin/ld -m elf_x86_64'
LDFLAGS=''
LIBOBJS=''
LIBS=''
LIBTOOL='$(SHELL) $(top_builddir)/libtool'
LIPO=''
LN_S='ln -s'
LTLIBOBJS=''
MAKEINFO='makeinfo'
MANIFEST_TOOL=':'
MKDIR_P='/bin/mkdir -p'
NIDS2_INCLUDE='-I ../lib/libnids-1.21_patched/src'
NIDS2_LIB='-L../lib/libnids-1.21_patched/src -lnids2'
NM='/usr/bin/nm -B'
NMEDIT=''
OBJDUMP='objdump'
OBJEXT='o'
OTOOL64=''
OTOOL=''
PACKAGE='justniffer'
PACKAGE_BUGREPORT='info@plecno.com'
PACKAGE_NAME='justniffer'
PACKAGE_STRING='justniffer 0.5.13'
PACKAGE_TARNAME='justniffer'
PACKAGE_URL=''
PACKAGE_VERSION='0.5.13'
PATCH=''
PATH_SEPARATOR=':'
PCAP_LIB='-lpcap'
PYTHONCODEDIR=''
PYTHONSUBDIR=''
PYTHON_BIN=''
PYTHON_INCLUDE_DIR=''
PYTHON_LIB=''
RANLIB='ranlib'
SED='/bin/sed'
SET_MAKE=''
SHELL='/bin/bash'
STRIP='strip'
TAR=''
VERSION='0.5.13'
ac_ct_AR='ar'
ac_ct_CC='gcc'
ac_ct_CXX='g++'
ac_ct_DUMPBIN=''
am__EXEEXT_FALSE=''
am__EXEEXT_TRUE=''
am__fastdepCC_FALSE='#'
am__fastdepCC_TRUE=''
am__fastdepCXX_FALSE='#'
am__fastdepCXX_TRUE=''
am__include='include'
am__isrc=''
am__leading_dot='.'
am__nodep='_no'
am__quote=''
am__tar='$${TAR-tar} chof - "$$tardir"'
am__untar='$${TAR-tar} xf -'
bindir='${exec_prefix}/bin'
build='x86_64-unknown-linux-gnu'
build_alias=''
build_cpu='x86_64'
build_os='linux-gnu'
build_vendor='unknown'
datadir='${datarootdir}'
datarootdir='${prefix}/share'
docdir='${datarootdir}/doc/${PACKAGE_TARNAME}'
dvidir='${docdir}'
exec_prefix='NONE'
host='x86_64-unknown-linux-gnu'
host_alias=''
host_cpu='x86_64'
host_os='linux-gnu'
host_vendor='unknown'
htmldir='${docdir}'
includedir='${prefix}/include'
infodir='${datarootdir}/info'
install_sh='${SHELL} /home/yangshaokun/work/mtk-openwrt/package/network/services/justniffer/src/install-sh'
libdir='${exec_prefix}/lib'
libexecdir='${exec_prefix}/libexec'
localedir='${datarootdir}/locale'
localstatedir='${prefix}/var'
mandir='${datarootdir}/man'
mkdir_p='$(MKDIR_P)'
oldincludedir='${prefix}/include'
pdfdir='${docdir}'
prefix='NONE'
program_transform_name='s,x,x,'
psdir='${docdir}'
sbindir='${exec_prefix}/sbin'
sharedstatedir='${prefix}/com'
subdirs=''
sysconfdir='${prefix}/etc'
target_alias=''

## ----------- ##
## confdefs.h. ##
## ----------- ##

/* confdefs.h */
#define PACKAGE_NAME "justniffer"
#define PACKAGE_TARNAME "justniffer"
#define PACKAGE_VERSION "0.5.13"
#define PACKAGE_STRING "justniffer 0.5.13"
#define PACKAGE_BUGREPORT "info@plecno.com"
#define PACKAGE_URL ""
#define JUSTNIFFER_VERSION "0.5.13"
#define PACKAGE "justniffer"
#define VERSION "0.5.13"
#define HAVE_LIB_PCAP /**/
#define PACKAGE "justniffer"
#define VERSION "0.5.13"
#define STDC_HEADERS 1
#define HAVE_SYS_TYPES_H 1
#define HAVE_SYS_STAT_H 1
#define HAVE_STDLIB_H 1
#define HAVE_STRING_H 1
#define HAVE_MEMORY_H 1
#define HAVE_STRINGS_H 1
#define HAVE_INTTYPES_H 1
#define HAVE_STDINT_H 1
#define HAVE_UNISTD_H 1
#define HAVE_SYS_TIME_H 1
#define HAVE_STRFTIME 1
#define HAVE__BOOL 1
#define HAVE_STDBOOL_H 1
#define TIME_WITH_SYS_TIME 1
#define HAVE_DLFCN_H 1
#define LT_OBJDIR ".libs/"

configure: exit 1

## ---------------------- ##
## Running config.status. ##
## ---------------------- ##

This file was extended by justniffer config.status 0.5.13, which was
generated by GNU Autoconf 2.69.  Invocation command line was

  CONFIG_FILES    = 
  CONFIG_HEADERS  = 
  CONFIG_LINKS    = 
  CONFIG_COMMANDS = 
  $ ./config.status -d

on server

config.status:: creating Makefile
config.status:: creating src/Makefile
config.status:: creating python/Makefile
config.status:: creating include/config.h
config.status:: include/config.h is unchanged
config.status:: executing depfiles commands
config.status:: executing libtool commands
